<?xml version='1.0' encoding='UTF-8' ?>
<testsuite name="com.example.dogglers.GridListTests" tests="1" failures="1" errors="0" skipped="0" time="4.489" timestamp="2022-06-19T09:22:12" hostname="localhost">
  <properties>
    <property name="device" value="vivo 2015 - 10" />
    <property name="flavor" value="" />
    <property name="project" value=":app" />
  </properties>
  <testcase name="grid_list_content_at_first_position" classname="com.example.dogglers.GridListTests" time="3.615">
    <failure>androidx.test.espresso.NoMatchingViewException: No views in hierarchy found matching: an instance of android.widget.TextView and view.getText() with or without transformation to match: is "7"

View Hierarchy:
+&gt;DecorView{id=-1, visibility=VISIBLE, width=720, height=1520, has-focus=false, has-focusable=true, has-window-focus=true, is-clickable=false, is-enabled=true, is-focused=false, is-focusable=false, is-layout-requested=false, is-selected=false, layout-params={(0,0)(fillxfill) ty=BASE_APPLICATION wanim=0x10302fe
fl=LAYOUT_IN_SCREEN LAYOUT_INSET_DECOR SPLIT_TOUCH HARDWARE_ACCELERATED DRAWS_SYSTEM_BAR_BACKGROUNDS
pfl=FORCE_DRAW_STATUS_BAR_BACKGROUND homeIndicatorState=-1 keepFullScreen=0 internalFlag=0x0 preferedDisplay=0}, tag=null, root-is-layout-requested=false, has-input-connection=false, x=0.0, y=0.0, child-count=3}
|
+-&gt;LinearLayout{id=-1, visibility=VISIBLE, width=720, height=1436, has-focus=false, has-focusable=true, has-window-focus=true, is-clickable=false, is-enabled=true, is-focused=false, is-focusable=false, is-layout-requested=false, is-selected=false, layout-params=android.widget.FrameLayout$LayoutParams&#64;c278af4, tag=null, root-is-layout-requested=false, has-input-connection=false, x=0.0, y=0.0, child-count=2}
|
+--&gt;ViewStub{id=16908692, res-name=action_mode_bar_stub, visibility=GONE, width=0, height=0, has-focus=false, has-focusable=false, has-window-focus=true, is-clickable=false, is-enabled=true, is-focused=false, is-focusable=false, is-layout-requested=true, is-selected=false, layout-params=android.widget.LinearLayout$LayoutParams&#64;5e4b21d, tag=null, root-is-layout-requested=false, has-input-connection=false, x=0.0, y=0.0}
|
+--&gt;FrameLayout{id=-1, visibility=VISIBLE, width=720, height=1378, has-focus=false, has-focusable=true, has-window-focus=true, is-clickable=false, is-enabled=true, is-focused=false, is-focusable=false, is-layout-requested=false, is-selected=false, layout-params=android.widget.LinearLayout$LayoutParams&#64;2289663, tag=null, root-is-layout-requested=false, has-input-connection=false, x=0.0, y=58.0, child-count=1}
|
+---&gt;ActionBarOverlayLayout{id=2131230866, res-name=decor_content_parent, visibility=VISIBLE, width=720, height=1378, has-focus=false, has-focusable=true, has-window-focus=true, is-clickable=false, is-enabled=true, is-focused=false, is-focusable=false, is-layout-requested=false, is-selected=false, layout-params=android.widget.FrameLayout$LayoutParams&#64;a7e2fde, tag=null, root-is-layout-requested=false, has-input-connection=false, x=0.0, y=0.0, child-count=2}
|
+----&gt;ContentFrameLayout{id=16908290, res-name=content, visibility=VISIBLE, width=720, height=1266, has-focus=false, has-focusable=true, has-window-focus=true, is-clickable=false, is-enabled=true, is-focused=false, is-focusable=false, is-layout-requested=false, is-selected=false, layout-params=androidx.appcompat.widget.ActionBarOverlayLayout$LayoutParams&#64;e5448c, tag=null, root-is-layout-requested=false, has-input-connection=false, x=0.0, y=112.0, child-count=1}
|
+-----&gt;FrameLayout{id=-1, visibility=VISIBLE, width=720, height=1266, has-focus=false, has-focusable=true, has-window-focus=true, is-clickable=false, is-enabled=true, is-focused=false, is-focusable=false, is-layout-requested=false, is-selected=false, layout-params=android.widget.FrameLayout$LayoutParams&#64;5b96bea, tag=null, root-is-layout-requested=false, has-input-connection=false, x=0.0, y=0.0, child-count=1}
|
+------&gt;RecyclerView{id=2131230937, res-name=grid_recycler_view, visibility=VISIBLE, width=720, height=1266, has-focus=false, has-focusable=true, has-window-focus=true, is-clickable=false, is-enabled=true, is-focused=false, is-focusable=true, is-layout-requested=false, is-selected=false, layout-params=android.widget.FrameLayout$LayoutParams&#64;ebb5c8d, tag=null, root-is-layout-requested=false, has-input-connection=false, x=0.0, y=0.0, child-count=6}
|
+-------&gt;MaterialCardView{id=-1, visibility=VISIBLE, width=328, height=599, has-focus=false, has-focusable=false, has-window-focus=true, is-clickable=false, is-enabled=true, is-focused=false, is-focusable=false, is-layout-requested=false, is-selected=false, layout-params=androidx.recyclerview.widget.GridLayoutManager$LayoutParams&#64;f9bde53, tag=null, root-is-layout-requested=false, has-input-connection=false, x=16.0, y=16.0, is-checked=false, child-count=1}
|
+--------&gt;ConstraintLayout{id=-1, visibility=VISIBLE, width=328, height=566, has-focus=false, has-focusable=false, has-window-focus=true, is-clickable=false, is-enabled=true, is-focused=false, is-focusable=false, is-layout-requested=false, is-selected=false, layout-params=android.widget.FrameLayout$LayoutParams&#64;50e3489, tag=null, root-is-layout-requested=false, has-input-connection=false, x=0.0, y=0.0, child-count=1}
|
+---------&gt;LinearLayout{id=-1, visibility=VISIBLE, width=328, height=566, has-focus=false, has-focusable=false, has-window-focus=true, is-clickable=false, is-enabled=true, is-focused=false, is-focusable=false, is-layout-requested=false, is-selected=false, layout-params=androidx.constraintlayout.widget.ConstraintLayout$LayoutParams&#64;dfca39a, tag=null, root-is-layout-requested=false, has-input-connection=false, x=0.0, y=0.0, child-count=4}
|
+----------&gt;AppCompatImageView{id=2131230885, res-name=dog_image, visibility=VISIBLE, width=328, height=388, has-focus=false, has-focusable=false, has-window-focus=true, is-clickable=false, is-enabled=true, is-focused=false, is-focusable=false, is-layout-requested=false, is-selected=false, layout-params=android.widget.LinearLayout$LayoutParams&#64;186c4cb, tag=null, root-is-layout-requested=false, has-input-connection=false, x=0.0, y=0.0}
|
+----------&gt;MaterialTextView{id=2131230886, res-name=dog_name, visibility=VISIBLE, width=166, height=62, has-focus=false, has-focusable=false, has-window-focus=true, is-clickable=false, is-enabled=true, is-focused=false, is-focusable=false, is-layout-requested=false, is-selected=false, layout-params=android.widget.LinearLayout$LayoutParams&#64;659d4a8, tag=null, root-is-layout-requested=false, has-input-connection=false, x=0.0, y=388.0, text=Tzeitel, input-type=0, ime-target=false, has-links=false}
|
+----------&gt;MaterialTextView{id=2131230883, res-name=dog_age, visibility=VISIBLE, width=328, height=58, has-focus=false, has-focusable=false, has-window-focus=true, is-clickable=false, is-enabled=true, is-focused=false, is-focusable=false, is-layout-requested=false, is-selected=false, layout-params=android.widget.LinearLayout$LayoutParams&#64;4faebc1, tag=null, root-is-layout-requested=false, has-input-connection=false, x=0.0, y=450.0, text=Age: 7, input-type=0, ime-target=false, has-links=false}
|
+----------&gt;MaterialTextView{id=2131230884, res-name=dog_hobbies, visibility=VISIBLE, width=328, height=58, has-focus=false, has-focusable=false, has-window-focus=true, is-clickable=false, is-enabled=true, is-focused=false, is-focusable=false, is-layout-requested=false, is-selected=false, layout-params=android.widget.LinearLayout$LayoutParams&#64;af15f66, tag=null, root-is-layout-requested=false, has-input-connection=false, x=0.0, y=508.0, text=Hobbies: sunbathing, input-type=0, ime-target=false, has-links=false}
|
+-------&gt;MaterialCardView{id=-1, visibility=VISIBLE, width=328, height=599, has-focus=false, has-focusable=false, has-window-focus=true, is-clickable=false, is-enabled=true, is-focused=false, is-focusable=false, is-layout-requested=false, is-selected=false, layout-params=androidx.recyclerview.widget.GridLayoutManager$LayoutParams&#64;ecb9354, tag=null, root-is-layout-requested=false, has-input-connection=false, x=376.0, y=16.0, is-checked=false, child-count=1}
|
+--------&gt;ConstraintLayout{id=-1, visibility=VISIBLE, width=328, height=599, has-focus=false, has-focusable=false, has-window-focus=true, is-clickable=false, is-enabled=true, is-focused=false, is-focusable=false, is-layout-requested=false, is-selected=false, layout-params=android.widget.FrameLayout$LayoutParams&#64;f240bf2, tag=null, root-is-layout-requested=false, has-input-connection=false, x=0.0, y=0.0, child-count=1}
|
+---------&gt;LinearLayout{id=-1, visibility=VISIBLE, width=328, height=599, has-focus=false, has-focusable=false, has-window-focus=true, is-clickable=false, is-enabled=true, is-focused=false, is-focusable=false, is-layout-requested=false, is-selected=false, layout-params=androidx.constraintlayout.widget.ConstraintLayout$LayoutParams&#64;5cf7f9f, tag=null, root-is-layout-requested=false, has-input-connection=false, x=0.0, y=0.0, child-count=4}
|
+----------&gt;AppCompatImageView{id=2131230885, res-name=dog_image, visibility=VISIBLE, width=328, height=388, has-focus=false, has-focusable=false, has-window-focus=true, is-clickable=false, is-enabled=true, is-focused=false, is-focusable=false, is-layout-requested=false, is-selected=false, layout-params=android.widget.LinearLayout$LayoutParams&#64;635f8ec, tag=null, root-is-layout-requested=false, has-input-connection=false, x=0.0, y=0.0}
|
+----------&gt;MaterialTextView{id=2131230886, res-name=dog_name, visibility=VISIBLE, width=138, height=62, has-focus=false, has-focusable=false, has-window-focus=true, is-clickable=false, is-enabled=true, is-focused=false, is-focusable=false, is-layout-requested=false, is-selected=false, layout-params=android.widget.LinearLayout$LayoutParams&#64;95b14b5, tag=null, root-is-layout-requested=false, has-input-connection=false, x=0.0, y=388.0, text=Leroy, input-type=0, ime-target=false, has-links=false}
|
+----------&gt;MaterialTextView{id=2131230883, res-name=dog_age, visibility=VISIBLE, width=328, height=58, has-focus=false, has-focusable=false, has-window-focus=true, is-clickable=false, is-enabled=true, is-focused=false, is-focusable=false, is-layout-requested=false, is-selected=false, layout-params=android.widget.LinearLayout$LayoutParams&#64;515274a, tag=null, root-is-layout-requested=false, has-input-connection=false, x=0.0, y=450.0, text=Age: 4, input-type=0, ime-target=false, has-links=false}
|
+----------&gt;MaterialTextView{id=2131230884, res-name=dog_hobbies, visibility=VISIBLE, width=328, height=91, has-focus=false, has-focusable=false, has-window-focus=true, is-clickable=false, is-enabled=true, is-focused=false, is-focusable=false, is-layout-requested=false, is-selected=false, layout-params=android.widget.LinearLayout$LayoutParams&#64;93676bb, tag=null, root-is-layout-requested=false, has-input-connection=false, x=0.0, y=508.0, text=Hobbies: sleeping in dangerous places, input-type=0, ime-target=false, has-links=false}
|
+-------&gt;MaterialCardView{id=-1, visibility=VISIBLE, width=328, height=599, has-focus=false, has-focusable=false, has-window-focus=true, is-clickable=false, is-enabled=true, is-focused=false, is-focusable=false, is-layout-requested=false, is-selected=false, layout-params=androidx.recyclerview.widget.GridLayoutManager$LayoutParams&#64;6f54731, tag=null, root-is-layout-requested=false, has-input-connection=false, x=16.0, y=647.0, is-checked=false, child-count=1}
|
+--------&gt;ConstraintLayout{id=-1, visibility=VISIBLE, width=328, height=599, has-focus=false, has-focusable=false, has-window-focus=true, is-clickable=false, is-enabled=true, is-focused=false, is-focusable=false, is-layout-requested=false, is-selected=false, layout-params=android.widget.FrameLayout$LayoutParams&#64;a4bc397, tag=null, root-is-layout-requested=false, has-input-connection=false, x=0.0, y=0.0, child-count=1}
|
+---------&gt;LinearLayout{id=-1, visibility=VISIBLE, width=328, height=599, has-focus=false, has-focusable=false, has-window-focus=true, is-clickable=false, is-enabled=true, is-focused=false, is-focusable=false, is-layout-requested=false, is-selected=false, layout-params=androidx.constraintlayout.widget.ConstraintLayout$LayoutParams&#64;fb1a9f0, tag=null, root-is-layout-requested=false, has-input-connection=false, x=0.0, y=0.0, child-count=4}
|
+----------&gt;AppCompatImageView{id=2131230885, res-name=dog_image, visibility=VISIBLE, width=328, height=388, has-focus=false, has-focusable=false, has-window-focus=true, is-clickable=false, is-enabled=true, is-focused=false, is-focusable=false, is-layout-requested=false, is-selected=false, layout-params=android.widget.LinearLayout$LayoutParams&#64;cab69, tag=null, root-is-layout-requested=false, has-input-connection=false, x=0.0, y=0.0}
|
+----------&gt;MaterialTextView{id=2131230886, res-name=dog_name, visibility=VISIBLE, width=178, height=62, has-focus=false, has-focusable=false, has-window-focus=true, is-clickable=false, is-enabled=true, is-focused=false, is-focusable=false, is-layout-requested=false, is-selected=false, layout-params=android.widget.LinearLayout$LayoutParams&#64;dd529ee, tag=null, root-is-layout-requested=false, has-input-connection=false, x=0.0, y=388.0, text=Frankie, input-type=0, ime-target=false, has-links=false}
|
+----------&gt;MaterialTextView{id=2131230883, res-name=dog_age, visibility=VISIBLE, width=328, height=58, has-focus=false, has-focusable=false, has-window-focus=true, is-clickable=false, is-enabled=true, is-focused=false, is-focusable=false, is-layout-requested=false, is-selected=false, layout-params=android.widget.LinearLayout$LayoutParams&#64;29d8e8f, tag=null, root-is-layout-requested=false, has-input-connection=false, x=0.0, y=450.0, text=Age: 2, input-type=0, ime-target=false, has-links=false}
|
+----------&gt;MaterialTextView{id=2131230884, res-name=dog_hobbies, visibility=VISIBLE, width=328, height=91, has-focus=false, has-focusable=false, has-window-focus=true, is-clickable=false, is-enabled=true, is-focused=false, is-focusable=false, is-layout-requested=false, is-selected=false, layout-params=android.widget.LinearLayout$LayoutParams&#64;1f751c, tag=null, root-is-layout-requested=false, has-input-connection=false, x=0.0, y=508.0, text=Hobbies: stealing socks, input-type=0, ime-target=false, has-links=false}
|
+-------&gt;MaterialCardView{id=-1, visibility=VISIBLE, width=328, height=599, has-focus=false, has-focusable=false, has-window-focus=true, is-clickable=false, is-enabled=true, is-focused=false, is-focusable=false, is-layout-requested=false, is-selected=false, layout-params=androidx.recyclerview.widget.GridLayoutManager$LayoutParams&#64;edf6fa, tag=null, root-is-layout-requested=false, has-input-connection=false, x=376.0, y=647.0, is-checked=false, child-count=1}
|
+--------&gt;ConstraintLayout{id=-1, visibility=VISIBLE, width=328, height=599, has-focus=false, has-focusable=false, has-window-focus=true, is-clickable=false, is-enabled=true, is-focused=false, is-focusable=false, is-layout-requested=false, is-selected=false, layout-params=android.widget.FrameLayout$LayoutParams&#64;a3cc708, tag=null, root-is-layout-requested=false, has-input-connection=false, x=0.0, y=0.0, child-count=1}
|
+---------&gt;LinearLayout{id=-1, visibility=VISIBLE, width=328, height=599, has-focus=false, has-focusable=false, has-window-focus=true, is-clickable=false, is-enabled=true, is-focused=false, is-focusable=false, is-layout-requested=false, is-selected=false, layout-params=androidx.constraintlayout.widget.ConstraintLayout$LayoutParams&#64;a2843dd, tag=null, root-is-layout-requested=false, has-input-connection=false, x=0.0, y=0.0, child-count=4}
|
+----------&gt;AppCompatImageView{id=2131230885, res-name=dog_image, visibility=VISIBLE, width=328, height=388, has-focus=false, has-focusable=false, has-window-focus=true, is-clickable=false, is-enabled=true, is-focused=false, is-focusable=false, is-layout-requested=false, is-selected=false, layout-params=android.widget.LinearLayout$LayoutParams&#64;1c06b52, tag=null, root-is-layout-requested=false, has-input-connection=false, x=0.0, y=0.0}
|
+----------&gt;MaterialTextView{id=2131230886, res-name=dog_name, visibility=VISIBLE, width=105, height=62, has-focus=false, has-focusable=false, has-window-focus=true, is-clickable=false, is-enabled=true, is-focused=false, is-focusable=false, is-layout-requested=false, is-selected=false, layout-params=android.widget.LinearLayout$LayoutParams&#64;30cde23, tag=null, root-is-layout-requested=false, has-input-connection=false, x=0.0, y=388.0, text=Nox, input-type=0, ime-target=false, has-links=false}
|
+----------&gt;MaterialTextView{id=2131230883, res-name=dog_age, visibility=VISIBLE, width=328, height=58, has-focus=false, has-focusable=false, has-window-focus=true, is-clickable=false, is-enabled=true, is-focused=false, is-focusable=false, is-layout-requested=false, is-selected=false, layout-params=android.widget.LinearLayout$LayoutParams&#64;a3b6f20, tag=null, root-is-layout-requested=false, has-input-connection=false, x=0.0, y=450.0, text=Age: 8, input-type=0, ime-target=false, has-links=false}
|
+----------&gt;MaterialTextView{id=2131230884, res-name=dog_hobbies, visibility=VISIBLE, width=328, height=91, has-focus=false, has-focusable=false, has-window-focus=true, is-clickable=false, is-enabled=true, is-focused=false, is-focusable=false, is-layout-requested=false, is-selected=false, layout-params=android.widget.LinearLayout$LayoutParams&#64;9ea40d9, tag=null, root-is-layout-requested=false, has-input-connection=false, x=0.0, y=508.0, text=Hobbies: meeting new animals, input-type=0, ime-target=false, has-links=false}
|
+-------&gt;MaterialCardView{id=-1, visibility=VISIBLE, width=328, height=599, has-focus=false, has-focusable=false, has-window-focus=true, is-clickable=false, is-enabled=true, is-focused=false, is-focusable=false, is-layout-requested=false, is-selected=false, layout-params=androidx.recyclerview.widget.GridLayoutManager$LayoutParams&#64;b45397f, tag=null, root-is-layout-requested=false, has-input-connection=false, x=16.0, y=1278.0, is-checked=false, child-count=1}
|
+--------&gt;ConstraintLayout{id=-1, visibility=VISIBLE, width=328, height=599, has-focus=false, has-focusable=false, has-window-focus=true, is-clickable=false, is-enabled=true, is-focused=false, is-focusable=false, is-layout-requested=false, is-selected=false, layout-params=android.widget.FrameLayout$LayoutParams&#64;8351195, tag=null, root-is-layout-requested=false, has-input-connection=false, x=0.0, y=0.0, child-count=1}
|
+---------&gt;LinearLayout{id=-1, visibility=VISIBLE, width=328, height=599, has-focus=false, has-focusable=false, has-window-focus=true, is-clickable=false, is-enabled=true, is-focused=false, is-focusable=false, is-layout-requested=false, is-selected=false, layout-params=androidx.constraintlayout.widget.ConstraintLayout$LayoutParams&#64;4f6af76, tag=null, root-is-layout-requested=false, has-input-connection=false, x=0.0, y=0.0, child-count=4}
|
+----------&gt;AppCompatImageView{id=2131230885, res-name=dog_image, visibility=VISIBLE, width=328, height=388, has-focus=false, has-focusable=false, has-window-focus=true, is-clickable=false, is-enabled=true, is-focused=false, is-focusable=false, is-layout-requested=false, is-selected=false, layout-params=android.widget.LinearLayout$LayoutParams&#64;1c2d977, tag=null, root-is-layout-requested=false, has-input-connection=false, x=0.0, y=0.0}
|
+----------&gt;MaterialTextView{id=2131230886, res-name=dog_name, visibility=VISIBLE, width=120, height=62, has-focus=false, has-focusable=false, has-window-focus=true, is-clickable=false, is-enabled=true, is-focused=false, is-focusable=false, is-layout-requested=false, is-selected=false, layout-params=android.widget.LinearLayout$LayoutParams&#64;74309e4, tag=null, root-is-layout-requested=false, has-input-connection=false, x=0.0, y=388.0, text=Faye, input-type=0, ime-target=false, has-links=false}
|
+----------&gt;MaterialTextView{id=2131230883, res-name=dog_age, visibility=VISIBLE, width=328, height=58, has-focus=false, has-focusable=false, has-window-focus=true, is-clickable=false, is-enabled=true, is-focused=false, is-focusable=false, is-layout-requested=false, is-selected=false, layout-params=android.widget.LinearLayout$LayoutParams&#64;ee6de4d, tag=null, root-is-layout-requested=false, has-input-connection=false, x=0.0, y=450.0, text=Age: 8, input-type=0, ime-target=false, has-links=false}
|
+----------&gt;MaterialTextView{id=2131230884, res-name=dog_hobbies, visibility=VISIBLE, width=328, height=91, has-focus=false, has-focusable=false, has-window-focus=true, is-clickable=false, is-enabled=true, is-focused=false, is-focusable=false, is-layout-requested=false, is-selected=false, layout-params=android.widget.LinearLayout$LayoutParams&#64;c964d02, tag=null, root-is-layout-requested=false, has-input-connection=false, x=0.0, y=508.0, text=Hobbies: Digging in the garden, input-type=0, ime-target=false, has-links=false}
|
+-------&gt;MaterialCardView{id=-1, visibility=VISIBLE, width=328, height=599, has-focus=false, has-focusable=false, has-window-focus=true, is-clickable=false, is-enabled=true, is-focused=false, is-focusable=false, is-layout-requested=false, is-selected=false, layout-params=androidx.recyclerview.widget.GridLayoutManager$LayoutParams&#64;718e050, tag=null, root-is-layout-requested=false, has-input-connection=false, x=376.0, y=1278.0, is-checked=false, child-count=1}
|
+--------&gt;ConstraintLayout{id=-1, visibility=VISIBLE, width=328, height=599, has-focus=false, has-focusable=false, has-window-focus=true, is-clickable=false, is-enabled=true, is-focused=false, is-focusable=false, is-layout-requested=false, is-selected=false, layout-params=android.widget.FrameLayout$LayoutParams&#64;6a0374e, tag=null, root-is-layout-requested=false, has-input-connection=false, x=0.0, y=0.0, child-count=1}
|
+---------&gt;LinearLayout{id=-1, visibility=VISIBLE, width=328, height=599, has-focus=false, has-focusable=false, has-window-focus=true, is-clickable=false, is-enabled=true, is-focused=false, is-focusable=false, is-layout-requested=false, is-selected=false, layout-params=androidx.constraintlayout.widget.ConstraintLayout$LayoutParams&#64;373b48b, tag=null, root-is-layout-requested=false, has-input-connection=false, x=0.0, y=0.0, child-count=4}
|
+----------&gt;AppCompatImageView{id=2131230885, res-name=dog_image, visibility=VISIBLE, width=328, height=388, has-focus=false, has-focusable=false, has-window-focus=true, is-clickable=false, is-enabled=true, is-focused=false, is-focusable=false, is-layout-requested=false, is-selected=false, layout-params=android.widget.LinearLayout$LayoutParams&#64;7c86968, tag=null, root-is-layout-requested=false, has-input-connection=false, x=0.0, y=0.0}
|
+----------&gt;MaterialTextView{id=2131230886, res-name=dog_name, visibility=VISIBLE, width=128, height=62, has-focus=false, has-focusable=false, has-window-focus=true, is-clickable=false, is-enabled=true, is-focused=false, is-focusable=false, is-layout-requested=false, is-selected=false, layout-params=android.widget.LinearLayout$LayoutParams&#64;ee2c181, tag=null, root-is-layout-requested=false, has-input-connection=false, x=0.0, y=388.0, text=Bella, input-type=0, ime-target=false, has-links=false}
|
+----------&gt;MaterialTextView{id=2131230883, res-name=dog_age, visibility=VISIBLE, width=328, height=58, has-focus=false, has-focusable=false, has-window-focus=true, is-clickable=false, is-enabled=true, is-focused=false, is-focusable=false, is-layout-requested=false, is-selected=false, layout-params=android.widget.LinearLayout$LayoutParams&#64;847e226, tag=null, root-is-layout-requested=false, has-input-connection=false, x=0.0, y=450.0, text=Age: 14, input-type=0, ime-target=false, has-links=false}
|
+----------&gt;MaterialTextView{id=2131230884, res-name=dog_hobbies, visibility=VISIBLE, width=328, height=91, has-focus=false, has-focusable=false, has-window-focus=true, is-clickable=false, is-enabled=true, is-focused=false, is-focusable=false, is-layout-requested=false, is-selected=false, layout-params=android.widget.LinearLayout$LayoutParams&#64;ce70e67, tag=null, root-is-layout-requested=false, has-input-connection=false, x=0.0, y=508.0, text=Hobbies: Chasing sea foam, input-type=0, ime-target=false, has-links=false}
|
+----&gt;ActionBarContainer{id=2131230774, res-name=action_bar_container, visibility=VISIBLE, width=720, height=112, has-focus=false, has-focusable=false, has-window-focus=true, is-clickable=false, is-enabled=true, is-focused=false, is-focusable=false, is-layout-requested=false, is-selected=false, layout-params=androidx.appcompat.widget.ActionBarOverlayLayout$LayoutParams&#64;d3ffab2, tag=null, root-is-layout-requested=false, has-input-connection=false, x=0.0, y=0.0, child-count=2}
|
+-----&gt;Toolbar{id=2131230772, res-name=action_bar, visibility=VISIBLE, width=720, height=112, has-focus=false, has-focusable=false, has-window-focus=true, is-clickable=false, is-enabled=true, is-focused=false, is-focusable=false, is-layout-requested=false, is-selected=false, layout-params=android.widget.FrameLayout$LayoutParams&#64;12f0ffe, tag=null, root-is-layout-requested=false, has-input-connection=false, x=0.0, y=0.0, child-count=3}
|
+------&gt;AppCompatTextView{id=-1, visibility=VISIBLE, width=193, height=62, has-focus=false, has-focusable=false, has-window-focus=true, is-clickable=false, is-enabled=true, is-focused=false, is-focusable=false, is-layout-requested=false, is-selected=false, layout-params=androidx.appcompat.widget.Toolbar$LayoutParams&#64;45d635f, tag=null, root-is-layout-requested=false, has-input-connection=false, x=144.0, y=25.0, text=Dogglers, input-type=0, ime-target=false, has-links=false}
|
+------&gt;AppCompatImageButton{id=-1, desc=Di chuyển lên, visibility=VISIBLE, width=112, height=112, has-focus=false, has-focusable=false, has-window-focus=true, is-clickable=true, is-enabled=true, is-focused=false, is-focusable=true, is-layout-requested=false, is-selected=false, layout-params=androidx.appcompat.widget.Toolbar$LayoutParams&#64;a8471ac, tag=null, root-is-layout-requested=false, has-input-connection=false, x=0.0, y=0.0}
|
+------&gt;ActionMenuView{id=-1, visibility=VISIBLE, width=0, height=112, has-focus=false, has-focusable=false, has-window-focus=true, is-clickable=false, is-enabled=true, is-focused=false, is-focusable=false, is-layout-requested=false, is-selected=false, layout-params=androidx.appcompat.widget.Toolbar$LayoutParams&#64;c0efe75, tag=null, root-is-layout-requested=false, has-input-connection=false, x=720.0, y=0.0, child-count=0}
|
+-----&gt;ActionBarContextView{id=2131230780, res-name=action_context_bar, visibility=GONE, width=0, height=0, has-focus=false, has-focusable=false, has-window-focus=true, is-clickable=false, is-enabled=true, is-focused=false, is-focusable=false, is-layout-requested=true, is-selected=false, layout-params=android.widget.FrameLayout$LayoutParams&#64;7682e0a, tag=null, root-is-layout-requested=false, has-input-connection=false, x=0.0, y=0.0, child-count=0}
|
+-&gt;View{id=16908336, res-name=navigationBarBackground, visibility=VISIBLE, width=720, height=84, has-focus=false, has-focusable=false, has-window-focus=true, is-clickable=false, is-enabled=true, is-focused=false, is-focusable=false, is-layout-requested=false, is-selected=false, layout-params=android.widget.FrameLayout$LayoutParams&#64;b1ed67b, tag=null, root-is-layout-requested=false, has-input-connection=false, x=0.0, y=1436.0}
|
+-&gt;View{id=16908335, res-name=statusBarBackground, visibility=VISIBLE, width=720, height=58, has-focus=false, has-focusable=false, has-window-focus=true, is-clickable=false, is-enabled=true, is-focused=false, is-focusable=false, is-layout-requested=false, is-selected=false, layout-params=android.widget.FrameLayout$LayoutParams&#64;f9cfc98, tag=null, root-is-layout-requested=false, has-input-connection=false, x=0.0, y=0.0}
at dalvik.system.VMStack.getThreadStackTrace(Native Method)
at java.lang.Thread.getStackTrace(Thread.java:1720)
at androidx.test.espresso.base.DefaultFailureHandler.getUserFriendlyError(DefaultFailureHandler.java:12)
at androidx.test.espresso.base.DefaultFailureHandler.handle(DefaultFailureHandler.java:7)
at androidx.test.espresso.ViewInteraction.waitForAndHandleInteractionResults(ViewInteraction.java:8)
at androidx.test.espresso.ViewInteraction.check(ViewInteraction.java:12)
at com.example.dogglers.BaseTest.hasListItemContent(BaseTest.kt:59)
at com.example.dogglers.BaseTest.checkFirstPosition(BaseTest.kt:70)
at com.example.dogglers.GridListTests.grid_list_content_at_first_position(GridListTests.kt:42)</failure>
  </testcase>
</testsuite>